{"meta": {"format": 3, "version": "7.13.4", "timestamp": "2026-03-16T12:10:08.899414", "branch_coverage": false, "show_contexts": false}, "files": {"input_generator\\generator.py": {"executed_lines": [9, 10, 17, 21, 23, 29, 30], "summary": {"covered_lines": 7, "num_statements": 29, "percent_covered": 24.137931034482758, "percent_covered_display": "24", "missing_lines": 22, "excluded_lines": 0, "percent_statements_covered": 24.137931034482758, "percent_statements_covered_display": "24"}, "missing_lines": [1, 2, 3, 5, 7, 11, 12, 13, 14, 15, 16, 19, 25, 26, 32, 34, 35, 36, 37, 38, 40, 41], "excluded_lines": [], "functions": {"load_crash_inputs": {"executed_lines": [9, 10, 17], "summary": {"covered_lines": 3, "num_statements": 9, "percent_covered": 33.333333333333336, "percent_covered_display": "33", "missing_lines": 6, "excluded_lines": 0, "percent_statements_covered": 33.333333333333336, "percent_statements_covered_display": "33"}, "missing_lines": [11, 12, 13, 14, 15, 16], "excluded_lines": [], "start_line": 7}, "generate_input": {"executed_lines": [21, 23, 29, 30], "summary": {"covered_lines": 4, "num_statements": 6, "percent_covered": 66.66666666666667, "percent_covered_display": "67", "missing_lines": 2, "excluded_lines": 0, "percent_statements_covered": 66.66666666666667, "percent_statements_covered_display": "67"}, "missing_lines": [25, 26], "excluded_lines": [], "start_line": 19}, "mutate_input": {"executed_lines": [], "summary": {"covered_lines": 0, "num_statements": 5, "percent_covered": 0.0, "percent_covered_display": "0", "missing_lines": 5, "excluded_lines": 0, "percent_statements_covered": 0.0, "percent_statements_covered_display": "0"}, "missing_lines": [34, 35, 36, 37, 38], "excluded_lines": [], "start_line": 32}, "": {"executed_lines": [], "summary": {"covered_lines": 0, "num_statements": 9, "percent_covered": 0.0, "percent_covered_display": "0", "missing_lines": 9, "excluded_lines": 0, "percent_statements_covered": 0.0, "percent_statements_covered_display": "0"}, "missing_lines": [1, 2, 3, 5, 7, 19, 32, 40, 41], "excluded_lines": [], "start_line": 1}}, "classes": {"": {"executed_lines": [9, 10, 17, 21, 23, 29, 30], "summary": {"covered_lines": 7, "num_statements": 29, "percent_covered": 24.137931034482758, "percent_covered_display": "24", "missing_lines": 22, "excluded_lines": 0, "percent_statements_covered": 24.137931034482758, "percent_statements_covered_display": "24"}, "missing_lines": [1, 2, 3, 5, 7, 11, 12, 13, 14, 15, 16, 19, 25, 26, 32, 34, 35, 36, 37, 38, 40, 41], "excluded_lines": [], "start_line": 1}}}, "main.py": {"executed_lines": [70], "summary": {"covered_lines": 1, "num_statements": 37, "percent_covered": 2.7027027027027026, "percent_covered_display": "3", "missing_lines": 36, "excluded_lines": 0, "percent_statements_covered": 2.7027027027027026, "percent_statements_covered_display": "3"}, "missing_lines": [1, 2, 4, 5, 6, 7, 9, 11, 14, 15, 17, 19, 22, 23, 24, 26, 28, 30, 32, 34, 35, 38, 46, 48, 50, 52, 53, 56, 58, 59, 62, 64, 65, 67, 69, 72], "excluded_lines": [], "functions": {"": {"executed_lines": [70], "summary": {"covered_lines": 1, "num_statements": 37, "percent_covered": 2.7027027027027026, "percent_covered_display": "3", "missing_lines": 36, "excluded_lines": 0, "percent_statements_covered": 2.7027027027027026, "percent_statements_covered_display": "3"}, "missing_lines": [1, 2, 4, 5, 6, 7, 9, 11, 14, 15, 17, 19, 22, 23, 24, 26, 28, 30, 32, 34, 35, 38, 46, 48, 50, 52, 53, 56, 58, 59, 62, 64, 65, 67, 69, 72], "excluded_lines": [], "start_line": 1}}, "classes": {"": {"executed_lines": [70], "summary": {"covered_lines": 1, "num_statements": 37, "percent_covered": 2.7027027027027026, "percent_covered_display": "3", "missing_lines": 36, "excluded_lines": 0, "percent_statements_covered": 2.7027027027027026, "percent_statements_covered_display": "3"}, "missing_lines": [1, 2, 4, 5, 6, 7, 9, 11, 14, 15, 17, 19, 22, 23, 24, 26, 28, 30, 32, 34, 35, 38, 46, 48, 50, 52, 53, 56, 58, 59, 62, 64, 65, 67, 69, 72], "excluded_lines": [], "start_line": 1}}}, "target_program\\target.py": {"executed_lines": [10, 13], "summary": {"covered_lines": 2, "num_statements": 13, "percent_covered": 15.384615384615385, "percent_covered_display": "15", "missing_lines": 11, "excluded_lines": 0, "percent_statements_covered": 15.384615384615385, "percent_statements_covered_display": "15"}, "missing_lines": [1, 4, 9, 14, 17, 18, 21, 22, 25, 26, 29], "excluded_lines": [], "functions": {"": {"executed_lines": [10, 13], "summary": {"covered_lines": 2, "num_statements": 13, "percent_covered": 15.384615384615385, "percent_covered_display": "15", "missing_lines": 11, "excluded_lines": 0, "percent_statements_covered": 15.384615384615385, "percent_statements_covered_display": "15"}, "missing_lines": [1, 4, 9, 14, 17, 18, 21, 22, 25, 26, 29], "excluded_lines": [], "start_line": 1}}, "classes": {"": {"executed_lines": [10, 13], "summary": {"covered_lines": 2, "num_statements": 13, "percent_covered": 15.384615384615385, "percent_covered_display": "15", "missing_lines": 11, "excluded_lines": 0, "percent_statements_covered": 15.384615384615385, "percent_statements_covered_display": "15"}, "missing_lines": [1, 4, 9, 14, 17, 18, 21, 22, 25, 26, 29], "excluded_lines": [], "start_line": 1}}}}, "totals": {"covered_lines": 10, "num_statements": 79, "percent_covered": 12.658227848101266, "percent_covered_display": "13", "missing_lines": 69, "excluded_lines": 0, "percent_statements_covered": 12.658227848101266, "percent_statements_covered_display": "13"}}